2024/12/07 20:06:56 [notice] 1#1: using the "epoll" event method
2024/12/07 20:06:56 [notice] 1#1: nginx/1.27.3
2024/12/07 20:06:56 [notice] 1#1: built by gcc 13.2.1 20240309 (Alpine 13.2.1_git20240309) 
2024/12/07 20:06:56 [notice] 1#1: OS: Linux 5.15.167.4-microsoft-standard-WSL2
2024/12/07 20:06:56 [notice] 1#1: getrlimit(RLIMIT_NOFILE): 1048576:1048576
2024/12/07 20:06:56 [notice] 1#1: start worker processes
2024/12/07 20:06:56 [notice] 1#1: start worker process 29
2024/12/07 20:06:56 [notice] 1#1: start worker process 30
2024/12/07 20:09:54 [notice] 1#1: signal 3 (SIGQUIT) received, shutting down
2024/12/07 20:09:54 [notice] 30#30: gracefully shutting down
2024/12/07 20:09:54 [notice] 29#29: gracefully shutting down
2024/12/07 20:09:54 [notice] 30#30: exiting
2024/12/07 20:09:54 [notice] 29#29: exiting
2024/12/07 20:09:54 [notice] 29#29: exit
2024/12/07 20:09:54 [notice] 30#30: exit
2024/12/07 20:09:54 [notice] 1#1: signal 17 (SIGCHLD) received from 30
2024/12/07 20:09:54 [notice] 1#1: worker process 29 exited with code 0
2024/12/07 20:09:54 [notice] 1#1: worker process 30 exited with code 0
2024/12/07 20:09:54 [notice] 1#1: exit
2024/12/07 20:10:10 [notice] 1#1: using the "epoll" event method
2024/12/07 20:10:10 [notice] 1#1: nginx/1.27.3
2024/12/07 20:10:10 [notice] 1#1: built by gcc 13.2.1 20240309 (Alpine 13.2.1_git20240309) 
2024/12/07 20:10:10 [notice] 1#1: OS: Linux 5.15.167.4-microsoft-standard-WSL2
2024/12/07 20:10:10 [notice] 1#1: getrlimit(RLIMIT_NOFILE): 1048576:1048576
2024/12/07 20:10:10 [notice] 1#1: start worker processes
2024/12/07 20:10:10 [notice] 1#1: start worker process 29
2024/12/07 20:10:10 [notice] 1#1: start worker process 30
2024/12/07 20:10:13 [error] 29#29: *1 directory index of "/var/www/html/" is forbidden, client: 172.20.0.1, server: , request: "GET / HTTP/1.1", host: "localhost:8080"
2024/12/07 20:10:15 [error] 29#29: *1 directory index of "/var/www/html/" is forbidden, client: 172.20.0.1, server: , request: "GET / HTTP/1.1", host: "localhost:8080"
2024/12/07 20:10:16 [error] 29#29: *1 directory index of "/var/www/html/" is forbidden, client: 172.20.0.1, server: , request: "GET / HTTP/1.1", host: "localhost:8080"
2024/12/07 20:11:21 [notice] 1#1: signal 3 (SIGQUIT) received, shutting down
2024/12/07 20:11:21 [notice] 30#30: gracefully shutting down
2024/12/07 20:11:21 [notice] 30#30: exiting
2024/12/07 20:11:21 [notice] 29#29: gracefully shutting down
2024/12/07 20:11:21 [notice] 29#29: exiting
2024/12/07 20:11:21 [notice] 30#30: exit
2024/12/07 20:11:21 [notice] 29#29: exit
2024/12/07 20:11:21 [notice] 1#1: signal 17 (SIGCHLD) received from 29
2024/12/07 20:11:21 [notice] 1#1: worker process 29 exited with code 0
2024/12/07 20:11:21 [notice] 1#1: worker process 30 exited with code 0
2024/12/07 20:11:21 [notice] 1#1: exit
2024/12/07 20:11:36 [notice] 1#1: using the "epoll" event method
2024/12/07 20:11:36 [notice] 1#1: nginx/1.27.3
2024/12/07 20:11:36 [notice] 1#1: built by gcc 13.2.1 20240309 (Alpine 13.2.1_git20240309) 
2024/12/07 20:11:36 [notice] 1#1: OS: Linux 5.15.167.4-microsoft-standard-WSL2
2024/12/07 20:11:36 [notice] 1#1: getrlimit(RLIMIT_NOFILE): 1048576:1048576
2024/12/07 20:11:36 [notice] 1#1: start worker processes
2024/12/07 20:11:36 [notice] 1#1: start worker process 28
2024/12/07 20:11:36 [notice] 1#1: start worker process 29
2024/12/07 20:14:30 [notice] 1#1: signal 3 (SIGQUIT) received, shutting down
2024/12/07 20:14:30 [notice] 28#28: gracefully shutting down
2024/12/07 20:14:30 [notice] 28#28: exiting
2024/12/07 20:14:30 [notice] 29#29: gracefully shutting down
2024/12/07 20:14:30 [notice] 28#28: exit
2024/12/07 20:14:30 [notice] 29#29: exiting
2024/12/07 20:14:30 [notice] 29#29: exit
2024/12/07 20:14:30 [notice] 1#1: signal 17 (SIGCHLD) received from 28
2024/12/07 20:14:30 [notice] 1#1: worker process 28 exited with code 0
2024/12/07 20:14:30 [notice] 1#1: signal 29 (SIGIO) received
2024/12/07 20:14:30 [notice] 1#1: signal 17 (SIGCHLD) received from 29
2024/12/07 20:14:30 [notice] 1#1: worker process 29 exited with code 0
2024/12/07 20:14:30 [notice] 1#1: exit
2024/12/07 20:14:43 [notice] 1#1: using the "epoll" event method
2024/12/07 20:14:43 [notice] 1#1: nginx/1.27.3
2024/12/07 20:14:43 [notice] 1#1: built by gcc 13.2.1 20240309 (Alpine 13.2.1_git20240309) 
2024/12/07 20:14:43 [notice] 1#1: OS: Linux 5.15.167.4-microsoft-standard-WSL2
2024/12/07 20:14:43 [notice] 1#1: getrlimit(RLIMIT_NOFILE): 1048576:1048576
2024/12/07 20:14:43 [notice] 1#1: start worker processes
2024/12/07 20:14:43 [notice] 1#1: start worker process 29
2024/12/07 20:14:43 [notice] 1#1: start worker process 30
2024/12/07 20:15:30 [notice] 1#1: signal 3 (SIGQUIT) received, shutting down
2024/12/07 20:15:30 [notice] 30#30: gracefully shutting down
2024/12/07 20:15:30 [notice] 29#29: gracefully shutting down
2024/12/07 20:15:30 [notice] 29#29: exiting
2024/12/07 20:15:30 [notice] 29#29: exit
2024/12/07 20:15:30 [notice] 1#1: signal 17 (SIGCHLD) received from 29
2024/12/07 20:15:30 [notice] 1#1: worker process 29 exited with code 0
2024/12/07 20:15:30 [notice] 1#1: signal 29 (SIGIO) received
2024/12/07 20:15:41 [notice] 1#1: using the "epoll" event method
2024/12/07 20:15:41 [notice] 1#1: nginx/1.27.3
2024/12/07 20:15:41 [notice] 1#1: built by gcc 13.2.1 20240309 (Alpine 13.2.1_git20240309) 
2024/12/07 20:15:41 [notice] 1#1: OS: Linux 5.15.167.4-microsoft-standard-WSL2
2024/12/07 20:15:41 [notice] 1#1: getrlimit(RLIMIT_NOFILE): 1048576:1048576
2024/12/07 20:15:41 [notice] 1#1: start worker processes
2024/12/07 20:15:41 [notice] 1#1: start worker process 29
2024/12/07 20:15:41 [notice] 1#1: start worker process 30
2024/12/07 20:16:27 [notice] 1#1: signal 3 (SIGQUIT) received, shutting down
2024/12/07 20:16:27 [notice] 30#30: gracefully shutting down
2024/12/07 20:16:27 [notice] 29#29: gracefully shutting down
2024/12/07 20:16:27 [notice] 29#29: exiting
2024/12/07 20:16:27 [notice] 29#29: exit
2024/12/07 20:16:27 [notice] 1#1: signal 17 (SIGCHLD) received from 29
2024/12/07 20:16:27 [notice] 1#1: worker process 29 exited with code 0
2024/12/07 20:16:27 [notice] 1#1: signal 29 (SIGIO) received
2024/12/07 20:16:52 [notice] 1#1: using the "epoll" event method
2024/12/07 20:16:52 [notice] 1#1: nginx/1.27.3
2024/12/07 20:16:52 [notice] 1#1: built by gcc 13.2.1 20240309 (Alpine 13.2.1_git20240309) 
2024/12/07 20:16:52 [notice] 1#1: OS: Linux 5.15.167.4-microsoft-standard-WSL2
2024/12/07 20:16:52 [notice] 1#1: getrlimit(RLIMIT_NOFILE): 1048576:1048576
2024/12/07 20:16:52 [notice] 1#1: start worker processes
2024/12/07 20:16:52 [notice] 1#1: start worker process 29
2024/12/07 20:16:52 [notice] 1#1: start worker process 30
2024/12/07 20:17:55 [notice] 1#1: signal 3 (SIGQUIT) received, shutting down
2024/12/07 20:17:55 [notice] 29#29: gracefully shutting down
2024/12/07 20:17:55 [notice] 30#30: gracefully shutting down
2024/12/07 20:17:55 [notice] 29#29: exiting
2024/12/07 20:17:55 [notice] 29#29: exit
2024/12/07 20:17:55 [notice] 1#1: signal 17 (SIGCHLD) received from 29
2024/12/07 20:17:55 [notice] 1#1: worker process 29 exited with code 0
2024/12/07 20:17:55 [notice] 1#1: signal 29 (SIGIO) received
2024/12/07 20:25:49 [notice] 1#1: using the "epoll" event method
2024/12/07 20:25:49 [notice] 1#1: nginx/1.27.3
2024/12/07 20:25:49 [notice] 1#1: built by gcc 13.2.1 20240309 (Alpine 13.2.1_git20240309) 
2024/12/07 20:25:49 [notice] 1#1: OS: Linux 5.15.167.4-microsoft-standard-WSL2
2024/12/07 20:25:49 [notice] 1#1: getrlimit(RLIMIT_NOFILE): 1048576:1048576
2024/12/07 20:25:49 [notice] 1#1: start worker processes
2024/12/07 20:25:49 [notice] 1#1: start worker process 28
2024/12/07 20:25:49 [notice] 1#1: start worker process 29
2024/12/07 20:41:27 [notice] 1#1: signal 3 (SIGQUIT) received, shutting down
2024/12/07 20:41:27 [notice] 28#28: gracefully shutting down
2024/12/07 20:41:27 [notice] 28#28: exiting
2024/12/07 20:41:27 [notice] 29#29: gracefully shutting down
2024/12/07 20:41:27 [notice] 28#28: exit
2024/12/07 20:41:27 [notice] 29#29: exiting
2024/12/07 20:41:27 [notice] 29#29: exit
2024/12/07 20:41:27 [notice] 1#1: signal 17 (SIGCHLD) received from 28
2024/12/07 20:41:27 [notice] 1#1: worker process 28 exited with code 0
2024/12/07 20:41:27 [notice] 1#1: worker process 29 exited with code 0
2024/12/07 20:41:27 [notice] 1#1: exit
2024/12/07 20:41:29 [notice] 1#1: using the "epoll" event method
2024/12/07 20:41:29 [notice] 1#1: nginx/1.27.3
2024/12/07 20:41:29 [notice] 1#1: built by gcc 13.2.1 20240309 (Alpine 13.2.1_git20240309) 
2024/12/07 20:41:29 [notice] 1#1: OS: Linux 5.15.167.4-microsoft-standard-WSL2
2024/12/07 20:41:29 [notice] 1#1: getrlimit(RLIMIT_NOFILE): 1048576:1048576
2024/12/07 20:41:29 [notice] 1#1: start worker processes
2024/12/07 20:41:29 [notice] 1#1: start worker process 29
2024/12/07 20:41:29 [notice] 1#1: start worker process 30
2024/12/07 20:43:47 [error] 29#29: *4 open() "/var/www/html/favicon.ico" failed (2: No such file or directory), client: 172.19.0.1, server: , request: "GET /favicon.ico HTTP/1.1", host: "localhost:8080", referrer: "http://localhost:8080/"
2024/12/07 20:43:48 [error] 29#29: *4 open() "/var/www/html/favicon.ico" failed (2: No such file or directory), client: 172.19.0.1, server: , request: "GET /favicon.ico HTTP/1.1", host: "localhost:8080", referrer: "http://localhost:8080/"
2024/12/07 20:43:49 [error] 29#29: *4 open() "/var/www/html/favicon.ico" failed (2: No such file or directory), client: 172.19.0.1, server: , request: "GET /favicon.ico HTTP/1.1", host: "localhost:8080", referrer: "http://localhost:8080/"
2024/12/07 21:03:19 [notice] 1#1: signal 3 (SIGQUIT) received, shutting down
2024/12/07 21:03:19 [notice] 30#30: gracefully shutting down
2024/12/07 21:03:19 [notice] 29#29: gracefully shutting down
2024/12/07 21:03:19 [notice] 30#30: exiting
2024/12/07 21:03:19 [notice] 29#29: exiting
2024/12/07 21:03:19 [notice] 30#30: exit
2024/12/07 21:03:19 [notice] 29#29: exit
2024/12/07 21:03:19 [notice] 1#1: signal 17 (SIGCHLD) received from 30
2024/12/07 21:03:19 [notice] 1#1: worker process 30 exited with code 0
2024/12/07 21:03:19 [notice] 1#1: signal 29 (SIGIO) received
2024/12/07 21:03:19 [notice] 1#1: signal 17 (SIGCHLD) received from 29
2024/12/07 21:03:19 [notice] 1#1: worker process 29 exited with code 0
2024/12/07 21:03:19 [notice] 1#1: exit
2024/12/07 21:03:44 [notice] 1#1: using the "epoll" event method
2024/12/07 21:03:44 [notice] 1#1: nginx/1.27.3
2024/12/07 21:03:44 [notice] 1#1: built by gcc 13.2.1 20240309 (Alpine 13.2.1_git20240309) 
2024/12/07 21:03:44 [notice] 1#1: OS: Linux 5.15.167.4-microsoft-standard-WSL2
2024/12/07 21:03:44 [notice] 1#1: getrlimit(RLIMIT_NOFILE): 1048576:1048576
2024/12/07 21:03:44 [notice] 1#1: start worker processes
2024/12/07 21:03:44 [notice] 1#1: start worker process 28
2024/12/07 21:03:44 [notice] 1#1: start worker process 29
2024/12/07 21:09:53 [notice] 1#1: signal 3 (SIGQUIT) received, shutting down
2024/12/07 21:09:53 [notice] 29#29: gracefully shutting down
2024/12/07 21:09:53 [notice] 29#29: exiting
2024/12/07 21:09:53 [notice] 28#28: gracefully shutting down
2024/12/07 21:09:53 [notice] 28#28: exiting
2024/12/07 21:09:53 [notice] 29#29: exit
2024/12/07 21:09:53 [notice] 28#28: exit
2024/12/07 21:09:53 [notice] 1#1: signal 17 (SIGCHLD) received from 29
2024/12/07 21:09:53 [notice] 1#1: worker process 28 exited with code 0
2024/12/07 21:09:53 [notice] 1#1: worker process 29 exited with code 0
2024/12/07 21:09:53 [notice] 1#1: exit
2024/12/07 21:10:09 [notice] 1#1: using the "epoll" event method
2024/12/07 21:10:09 [notice] 1#1: nginx/1.27.3
2024/12/07 21:10:09 [notice] 1#1: built by gcc 13.2.1 20240309 (Alpine 13.2.1_git20240309) 
2024/12/07 21:10:09 [notice] 1#1: OS: Linux 5.15.167.4-microsoft-standard-WSL2
2024/12/07 21:10:09 [notice] 1#1: getrlimit(RLIMIT_NOFILE): 1048576:1048576
2024/12/07 21:10:09 [notice] 1#1: start worker processes
2024/12/07 21:10:09 [notice] 1#1: start worker process 29
2024/12/07 21:10:09 [notice] 1#1: start worker process 30
2024/12/07 21:14:13 [notice] 1#1: signal 3 (SIGQUIT) received, shutting down
2024/12/07 21:14:13 [notice] 29#29: gracefully shutting down
2024/12/07 21:14:13 [notice] 29#29: exiting
2024/12/07 21:14:13 [notice] 30#30: gracefully shutting down
2024/12/07 21:14:13 [notice] 29#29: exit
2024/12/07 21:14:13 [notice] 30#30: exiting
2024/12/07 21:14:13 [notice] 30#30: exit
2024/12/07 21:14:13 [notice] 1#1: signal 17 (SIGCHLD) received from 30
2024/12/07 21:14:13 [notice] 1#1: worker process 29 exited with code 0
2024/12/07 21:14:13 [notice] 1#1: worker process 30 exited with code 0
2024/12/07 21:14:13 [notice] 1#1: exit
2024/12/07 21:20:37 [notice] 1#1: using the "epoll" event method
2024/12/07 21:20:37 [notice] 1#1: nginx/1.27.3
2024/12/07 21:20:37 [notice] 1#1: built by gcc 13.2.1 20240309 (Alpine 13.2.1_git20240309) 
2024/12/07 21:20:37 [notice] 1#1: OS: Linux 5.15.167.4-microsoft-standard-WSL2
2024/12/07 21:20:37 [notice] 1#1: getrlimit(RLIMIT_NOFILE): 1048576:1048576
2024/12/07 21:20:37 [notice] 1#1: start worker processes
2024/12/07 21:20:37 [notice] 1#1: start worker process 29
2024/12/07 21:20:37 [notice] 1#1: start worker process 30
2024/12/07 21:23:15 [notice] 1#1: signal 3 (SIGQUIT) received, shutting down
2024/12/07 21:23:15 [notice] 29#29: gracefully shutting down
2024/12/07 21:23:15 [notice] 30#30: gracefully shutting down
2024/12/07 21:23:15 [notice] 29#29: exiting
2024/12/07 21:23:15 [notice] 30#30: exiting
2024/12/07 21:23:15 [notice] 29#29: exit
2024/12/07 21:23:15 [notice] 30#30: exit
2024/12/07 21:23:15 [notice] 1#1: signal 17 (SIGCHLD) received from 29
2024/12/07 21:23:15 [notice] 1#1: worker process 29 exited with code 0
2024/12/07 21:23:15 [notice] 1#1: signal 29 (SIGIO) received
2024/12/07 21:23:15 [notice] 1#1: signal 17 (SIGCHLD) received from 30
2024/12/07 21:23:15 [notice] 1#1: worker process 30 exited with code 0
2024/12/07 21:23:15 [notice] 1#1: exit
2024/12/07 21:28:08 [notice] 1#1: using the "epoll" event method
2024/12/07 21:28:08 [notice] 1#1: nginx/1.27.3
2024/12/07 21:28:08 [notice] 1#1: built by gcc 13.2.1 20240309 (Alpine 13.2.1_git20240309) 
2024/12/07 21:28:08 [notice] 1#1: OS: Linux 5.15.167.4-microsoft-standard-WSL2
2024/12/07 21:28:08 [notice] 1#1: getrlimit(RLIMIT_NOFILE): 1048576:1048576
2024/12/07 21:28:08 [notice] 1#1: start worker processes
2024/12/07 21:28:08 [notice] 1#1: start worker process 29
2024/12/07 21:28:08 [notice] 1#1: start worker process 30
2024/12/07 21:28:52 [notice] 1#1: signal 3 (SIGQUIT) received, shutting down
2024/12/07 21:28:52 [notice] 29#29: gracefully shutting down
2024/12/07 21:28:52 [notice] 29#29: exiting
2024/12/07 21:28:52 [notice] 30#30: gracefully shutting down
2024/12/07 21:28:52 [notice] 30#30: exiting
2024/12/07 21:28:52 [notice] 29#29: exit
2024/12/07 21:28:52 [notice] 30#30: exit
2024/12/07 21:28:52 [notice] 1#1: signal 17 (SIGCHLD) received from 29
2024/12/07 21:28:52 [notice] 1#1: worker process 29 exited with code 0
2024/12/07 21:28:52 [notice] 1#1: worker process 30 exited with code 0
2024/12/07 21:28:52 [notice] 1#1: exit
2024/12/07 21:29:27 [notice] 1#1: using the "epoll" event method
2024/12/07 21:29:27 [notice] 1#1: nginx/1.27.3
2024/12/07 21:29:27 [notice] 1#1: built by gcc 13.2.1 20240309 (Alpine 13.2.1_git20240309) 
2024/12/07 21:29:27 [notice] 1#1: OS: Linux 5.15.167.4-microsoft-standard-WSL2
2024/12/07 21:29:27 [notice] 1#1: getrlimit(RLIMIT_NOFILE): 1048576:1048576
2024/12/07 21:29:27 [notice] 1#1: start worker processes
2024/12/07 21:29:27 [notice] 1#1: start worker process 28
2024/12/07 21:29:27 [notice] 1#1: start worker process 29
2024/12/07 21:30:08 [notice] 1#1: signal 3 (SIGQUIT) received, shutting down
2024/12/07 21:30:08 [notice] 28#28: gracefully shutting down
2024/12/07 21:30:08 [notice] 29#29: gracefully shutting down
2024/12/07 21:30:08 [notice] 29#29: exiting
2024/12/07 21:30:08 [notice] 28#28: exiting
2024/12/07 21:30:08 [notice] 28#28: exit
2024/12/07 21:30:08 [notice] 29#29: exit
2024/12/07 21:30:08 [notice] 1#1: signal 17 (SIGCHLD) received from 28
2024/12/07 21:30:08 [notice] 1#1: worker process 28 exited with code 0
2024/12/07 21:30:08 [notice] 1#1: signal 29 (SIGIO) received
2024/12/07 21:30:08 [notice] 1#1: signal 17 (SIGCHLD) received from 29
2024/12/07 21:30:08 [notice] 1#1: worker process 29 exited with code 0
2024/12/07 21:30:08 [notice] 1#1: exit
2024/12/07 21:30:32 [notice] 1#1: using the "epoll" event method
2024/12/07 21:30:32 [notice] 1#1: nginx/1.27.3
2024/12/07 21:30:32 [notice] 1#1: built by gcc 13.2.1 20240309 (Alpine 13.2.1_git20240309) 
2024/12/07 21:30:32 [notice] 1#1: OS: Linux 5.15.167.4-microsoft-standard-WSL2
2024/12/07 21:30:32 [notice] 1#1: getrlimit(RLIMIT_NOFILE): 1048576:1048576
2024/12/07 21:30:32 [notice] 1#1: start worker processes
2024/12/07 21:30:32 [notice] 1#1: start worker process 29
2024/12/07 21:30:32 [notice] 1#1: start worker process 30
2024/12/07 21:30:33 [notice] 1#1: signal 3 (SIGQUIT) received, shutting down
2024/12/07 21:30:33 [notice] 29#29: gracefully shutting down
2024/12/07 21:30:33 [notice] 29#29: exiting
2024/12/07 21:30:33 [notice] 30#30: gracefully shutting down
2024/12/07 21:30:33 [notice] 30#30: exiting
2024/12/07 21:30:33 [notice] 29#29: exit
2024/12/07 21:30:33 [notice] 30#30: exit
2024/12/07 21:30:33 [notice] 1#1: signal 17 (SIGCHLD) received from 30
2024/12/07 21:30:33 [notice] 1#1: worker process 29 exited with code 0
2024/12/07 21:30:33 [notice] 1#1: worker process 30 exited with code 0
2024/12/07 21:30:33 [notice] 1#1: exit
2024/12/07 21:35:49 [notice] 1#1: using the "epoll" event method
2024/12/07 21:35:49 [notice] 1#1: nginx/1.27.3
2024/12/07 21:35:49 [notice] 1#1: built by gcc 13.2.1 20240309 (Alpine 13.2.1_git20240309) 
2024/12/07 21:35:49 [notice] 1#1: OS: Linux 5.15.167.4-microsoft-standard-WSL2
2024/12/07 21:35:49 [notice] 1#1: getrlimit(RLIMIT_NOFILE): 1048576:1048576
2024/12/07 21:35:49 [notice] 1#1: start worker processes
2024/12/07 21:35:49 [notice] 1#1: start worker process 29
2024/12/07 21:35:49 [notice] 1#1: start worker process 30
2024/12/07 21:40:09 [notice] 1#1: signal 3 (SIGQUIT) received, shutting down
2024/12/07 21:40:09 [notice] 29#29: gracefully shutting down
2024/12/07 21:40:09 [notice] 30#30: gracefully shutting down
2024/12/07 21:40:09 [notice] 29#29: exiting
2024/12/07 21:40:09 [notice] 29#29: exit
2024/12/07 21:40:09 [notice] 30#30: exiting
2024/12/07 21:40:09 [notice] 30#30: exit
2024/12/07 21:40:09 [notice] 1#1: signal 17 (SIGCHLD) received from 30
2024/12/07 21:40:09 [notice] 1#1: worker process 29 exited with code 0
2024/12/07 21:40:09 [notice] 1#1: worker process 30 exited with code 0
2024/12/07 21:40:09 [notice] 1#1: exit
2024/12/07 21:46:36 [notice] 1#1: using the "epoll" event method
2024/12/07 21:46:36 [notice] 1#1: nginx/1.27.3
2024/12/07 21:46:36 [notice] 1#1: built by gcc 13.2.1 20240309 (Alpine 13.2.1_git20240309) 
2024/12/07 21:46:36 [notice] 1#1: OS: Linux 5.15.167.4-microsoft-standard-WSL2
2024/12/07 21:46:36 [notice] 1#1: getrlimit(RLIMIT_NOFILE): 1048576:1048576
2024/12/07 21:46:36 [notice] 1#1: start worker processes
2024/12/07 21:46:36 [notice] 1#1: start worker process 29
2024/12/07 21:46:36 [notice] 1#1: start worker process 30
2024/12/07 21:51:26 [notice] 1#1: signal 3 (SIGQUIT) received, shutting down
2024/12/07 21:51:26 [notice] 29#29: gracefully shutting down
2024/12/07 21:51:26 [notice] 29#29: exiting
2024/12/07 21:51:26 [notice] 30#30: gracefully shutting down
2024/12/07 21:51:26 [notice] 29#29: exit
2024/12/07 21:51:26 [notice] 30#30: exiting
2024/12/07 21:51:26 [notice] 30#30: exit
2024/12/07 21:51:26 [notice] 1#1: signal 17 (SIGCHLD) received from 30
2024/12/07 21:51:26 [notice] 1#1: worker process 30 exited with code 0
2024/12/07 21:51:26 [notice] 1#1: signal 29 (SIGIO) received
2024/12/07 21:51:26 [notice] 1#1: signal 17 (SIGCHLD) received from 29
2024/12/07 21:51:26 [notice] 1#1: worker process 29 exited with code 0
2024/12/07 21:51:26 [notice] 1#1: exit
2024/12/07 21:51:56 [notice] 1#1: using the "epoll" event method
2024/12/07 21:51:56 [notice] 1#1: nginx/1.27.3
2024/12/07 21:51:56 [notice] 1#1: built by gcc 13.2.1 20240309 (Alpine 13.2.1_git20240309) 
2024/12/07 21:51:56 [notice] 1#1: OS: Linux 5.15.167.4-microsoft-standard-WSL2
2024/12/07 21:51:56 [notice] 1#1: getrlimit(RLIMIT_NOFILE): 1048576:1048576
2024/12/07 21:51:56 [notice] 1#1: start worker processes
2024/12/07 21:51:56 [notice] 1#1: start worker process 29
2024/12/07 21:51:56 [notice] 1#1: start worker process 30
2024/12/07 22:00:13 [notice] 1#1: signal 3 (SIGQUIT) received, shutting down
2024/12/07 22:00:13 [notice] 29#29: gracefully shutting down
2024/12/07 22:00:13 [notice] 29#29: exiting
2024/12/07 22:00:13 [notice] 30#30: gracefully shutting down
2024/12/07 22:00:13 [notice] 30#30: exiting
2024/12/07 22:00:13 [notice] 29#29: exit
2024/12/07 22:00:13 [notice] 30#30: exit
2024/12/07 22:00:13 [notice] 1#1: signal 17 (SIGCHLD) received from 29
2024/12/07 22:00:13 [notice] 1#1: worker process 29 exited with code 0
2024/12/07 22:00:13 [notice] 1#1: worker process 30 exited with code 0
2024/12/07 22:00:13 [notice] 1#1: exit
2024/12/07 22:07:55 [notice] 1#1: using the "epoll" event method
2024/12/07 22:07:55 [notice] 1#1: nginx/1.27.3
2024/12/07 22:07:55 [notice] 1#1: built by gcc 13.2.1 20240309 (Alpine 13.2.1_git20240309) 
2024/12/07 22:07:55 [notice] 1#1: OS: Linux 5.15.167.4-microsoft-standard-WSL2
2024/12/07 22:07:55 [notice] 1#1: getrlimit(RLIMIT_NOFILE): 1048576:1048576
2024/12/07 22:07:55 [notice] 1#1: start worker processes
2024/12/07 22:07:55 [notice] 1#1: start worker process 29
2024/12/07 22:07:55 [notice] 1#1: start worker process 30
2024/12/07 22:10:37 [notice] 1#1: signal 3 (SIGQUIT) received, shutting down
2024/12/07 22:10:37 [notice] 29#29: gracefully shutting down
2024/12/07 22:10:37 [notice] 30#30: gracefully shutting down
2024/12/07 22:10:37 [notice] 29#29: exiting
2024/12/07 22:10:37 [notice] 29#29: exit
2024/12/07 22:10:37 [notice] 30#30: exiting
2024/12/07 22:10:37 [notice] 30#30: exit
2024/12/07 22:10:37 [notice] 1#1: signal 17 (SIGCHLD) received from 29
2024/12/07 22:10:37 [notice] 1#1: worker process 29 exited with code 0
2024/12/07 22:10:37 [notice] 1#1: worker process 30 exited with code 0
2024/12/07 22:10:37 [notice] 1#1: exit
2024/12/07 22:11:19 [notice] 1#1: using the "epoll" event method
2024/12/07 22:11:19 [notice] 1#1: nginx/1.27.3
2024/12/07 22:11:19 [notice] 1#1: built by gcc 13.2.1 20240309 (Alpine 13.2.1_git20240309) 
2024/12/07 22:11:19 [notice] 1#1: OS: Linux 5.15.167.4-microsoft-standard-WSL2
2024/12/07 22:11:19 [notice] 1#1: getrlimit(RLIMIT_NOFILE): 1048576:1048576
2024/12/07 22:11:19 [notice] 1#1: start worker processes
2024/12/07 22:11:19 [notice] 1#1: start worker process 28
2024/12/07 22:11:19 [notice] 1#1: start worker process 29
2024/12/07 22:37:32 [notice] 1#1: signal 3 (SIGQUIT) received, shutting down
2024/12/07 22:37:32 [notice] 28#28: gracefully shutting down
2024/12/07 22:37:32 [notice] 29#29: gracefully shutting down
2024/12/07 22:37:32 [notice] 28#28: exiting
2024/12/07 22:37:32 [notice] 29#29: exiting
2024/12/07 22:37:32 [notice] 29#29: exit
2024/12/07 22:37:32 [notice] 28#28: exit
2024/12/07 22:37:32 [notice] 1#1: signal 17 (SIGCHLD) received from 28
2024/12/07 22:37:32 [notice] 1#1: worker process 28 exited with code 0
2024/12/07 22:37:32 [notice] 1#1: worker process 29 exited with code 0
2024/12/07 22:37:32 [notice] 1#1: exit
2024/12/07 22:38:00 [notice] 1#1: using the "epoll" event method
2024/12/07 22:38:00 [notice] 1#1: nginx/1.27.3
2024/12/07 22:38:00 [notice] 1#1: built by gcc 13.2.1 20240309 (Alpine 13.2.1_git20240309) 
2024/12/07 22:38:00 [notice] 1#1: OS: Linux 5.15.167.4-microsoft-standard-WSL2
2024/12/07 22:38:00 [notice] 1#1: getrlimit(RLIMIT_NOFILE): 1048576:1048576
2024/12/07 22:38:00 [notice] 1#1: start worker processes
2024/12/07 22:38:00 [notice] 1#1: start worker process 29
2024/12/07 22:38:00 [notice] 1#1: start worker process 30
2024/12/07 22:39:32 [notice] 1#1: signal 3 (SIGQUIT) received, shutting down
2024/12/07 22:39:32 [notice] 29#29: gracefully shutting down
2024/12/07 22:39:32 [notice] 29#29: exiting
2024/12/07 22:39:32 [notice] 30#30: gracefully shutting down
2024/12/07 22:39:32 [notice] 30#30: exiting
2024/12/07 22:39:32 [notice] 29#29: exit
2024/12/07 22:39:32 [notice] 30#30: exit
2024/12/07 22:39:33 [notice] 1#1: signal 17 (SIGCHLD) received from 29
2024/12/07 22:39:33 [notice] 1#1: worker process 29 exited with code 0
2024/12/07 22:39:33 [notice] 1#1: worker process 30 exited with code 0
2024/12/07 22:39:33 [notice] 1#1: exit
2024/12/07 22:39:56 [notice] 1#1: using the "epoll" event method
2024/12/07 22:39:56 [notice] 1#1: nginx/1.27.3
2024/12/07 22:39:56 [notice] 1#1: built by gcc 13.2.1 20240309 (Alpine 13.2.1_git20240309) 
2024/12/07 22:39:56 [notice] 1#1: OS: Linux 5.15.167.4-microsoft-standard-WSL2
2024/12/07 22:39:56 [notice] 1#1: getrlimit(RLIMIT_NOFILE): 1048576:1048576
2024/12/07 22:39:56 [notice] 1#1: start worker processes
2024/12/07 22:39:56 [notice] 1#1: start worker process 28
2024/12/07 22:39:56 [notice] 1#1: start worker process 29
2024/12/07 22:42:24 [notice] 1#1: signal 3 (SIGQUIT) received, shutting down
2024/12/07 22:42:24 [notice] 29#29: gracefully shutting down
2024/12/07 22:42:24 [notice] 29#29: exiting
2024/12/07 22:42:24 [notice] 28#28: gracefully shutting down
2024/12/07 22:42:24 [notice] 28#28: exiting
2024/12/07 22:42:24 [notice] 29#29: exit
2024/12/07 22:42:24 [notice] 28#28: exit
2024/12/07 22:42:24 [notice] 1#1: signal 17 (SIGCHLD) received from 28
2024/12/07 22:42:24 [notice] 1#1: worker process 28 exited with code 0
2024/12/07 22:42:24 [notice] 1#1: worker process 29 exited with code 0
2024/12/07 22:42:24 [notice] 1#1: exit
2024/12/07 22:44:39 [notice] 1#1: using the "epoll" event method
2024/12/07 22:44:39 [notice] 1#1: nginx/1.27.3
2024/12/07 22:44:39 [notice] 1#1: built by gcc 13.2.1 20240309 (Alpine 13.2.1_git20240309) 
2024/12/07 22:44:39 [notice] 1#1: OS: Linux 5.15.167.4-microsoft-standard-WSL2
2024/12/07 22:44:39 [notice] 1#1: getrlimit(RLIMIT_NOFILE): 1048576:1048576
2024/12/07 22:44:39 [notice] 1#1: start worker processes
2024/12/07 22:44:39 [notice] 1#1: start worker process 28
2024/12/07 22:44:39 [notice] 1#1: start worker process 29
2024/12/07 22:51:05 [notice] 1#1: signal 3 (SIGQUIT) received, shutting down
2024/12/07 22:51:05 [notice] 29#29: gracefully shutting down
2024/12/07 22:51:05 [notice] 28#28: gracefully shutting down
2024/12/07 22:51:05 [notice] 29#29: exiting
2024/12/07 22:51:05 [notice] 29#29: exit
2024/12/07 22:51:05 [notice] 28#28: exiting
2024/12/07 22:51:05 [notice] 28#28: exit
2024/12/07 22:51:05 [notice] 1#1: signal 17 (SIGCHLD) received from 28
2024/12/07 22:51:05 [notice] 1#1: worker process 28 exited with code 0
2024/12/07 22:51:05 [notice] 1#1: worker process 29 exited with code 0
2024/12/07 22:51:05 [notice] 1#1: exit
2024/12/07 22:51:29 [notice] 1#1: using the "epoll" event method
2024/12/07 22:51:29 [notice] 1#1: nginx/1.27.3
2024/12/07 22:51:29 [notice] 1#1: built by gcc 13.2.1 20240309 (Alpine 13.2.1_git20240309) 
2024/12/07 22:51:29 [notice] 1#1: OS: Linux 5.15.167.4-microsoft-standard-WSL2
2024/12/07 22:51:29 [notice] 1#1: getrlimit(RLIMIT_NOFILE): 1048576:1048576
2024/12/07 22:51:29 [notice] 1#1: start worker processes
2024/12/07 22:51:29 [notice] 1#1: start worker process 29
2024/12/07 22:51:29 [notice] 1#1: start worker process 30
2024/12/07 22:53:43 [notice] 1#1: signal 3 (SIGQUIT) received, shutting down
2024/12/07 22:53:43 [notice] 29#29: gracefully shutting down
2024/12/07 22:53:43 [notice] 29#29: exiting
2024/12/07 22:53:43 [notice] 30#30: gracefully shutting down
2024/12/07 22:53:43 [notice] 30#30: exiting
2024/12/07 22:53:43 [notice] 29#29: exit
2024/12/07 22:53:43 [notice] 30#30: exit
2024/12/07 22:53:43 [notice] 1#1: signal 17 (SIGCHLD) received from 29
2024/12/07 22:53:43 [notice] 1#1: worker process 29 exited with code 0
2024/12/07 22:53:43 [notice] 1#1: worker process 30 exited with code 0
2024/12/07 22:53:43 [notice] 1#1: exit
2024/12/07 22:55:03 [notice] 1#1: using the "epoll" event method
2024/12/07 22:55:03 [notice] 1#1: nginx/1.27.3
2024/12/07 22:55:03 [notice] 1#1: built by gcc 13.2.1 20240309 (Alpine 13.2.1_git20240309) 
2024/12/07 22:55:03 [notice] 1#1: OS: Linux 5.15.167.4-microsoft-standard-WSL2
2024/12/07 22:55:03 [notice] 1#1: getrlimit(RLIMIT_NOFILE): 1048576:1048576
2024/12/07 22:55:03 [notice] 1#1: start worker processes
2024/12/07 22:55:03 [notice] 1#1: start worker process 28
2024/12/07 22:55:03 [notice] 1#1: start worker process 29
2024/12/07 23:02:46 [notice] 1#1: signal 3 (SIGQUIT) received, shutting down
2024/12/07 23:02:46 [notice] 28#28: gracefully shutting down
2024/12/07 23:02:46 [notice] 28#28: exiting
2024/12/07 23:02:46 [notice] 29#29: gracefully shutting down
2024/12/07 23:02:46 [notice] 29#29: exiting
2024/12/07 23:02:46 [notice] 28#28: exit
2024/12/07 23:02:46 [notice] 29#29: exit
2024/12/07 23:02:46 [notice] 1#1: signal 17 (SIGCHLD) received from 28
2024/12/07 23:02:46 [notice] 1#1: worker process 28 exited with code 0
2024/12/07 23:02:46 [notice] 1#1: worker process 29 exited with code 0
2024/12/07 23:02:46 [notice] 1#1: exit
2024/12/07 23:03:11 [notice] 1#1: using the "epoll" event method
2024/12/07 23:03:11 [notice] 1#1: nginx/1.27.3
2024/12/07 23:03:11 [notice] 1#1: built by gcc 13.2.1 20240309 (Alpine 13.2.1_git20240309) 
2024/12/07 23:03:11 [notice] 1#1: OS: Linux 5.15.167.4-microsoft-standard-WSL2
2024/12/07 23:03:11 [notice] 1#1: getrlimit(RLIMIT_NOFILE): 1048576:1048576
2024/12/07 23:03:11 [notice] 1#1: start worker processes
2024/12/07 23:03:11 [notice] 1#1: start worker process 30
2024/12/07 23:03:11 [notice] 1#1: start worker process 31
2024/12/07 23:08:00 [notice] 1#1: signal 3 (SIGQUIT) received, shutting down
2024/12/07 23:08:00 [notice] 30#30: gracefully shutting down
2024/12/07 23:08:00 [notice] 30#30: exiting
2024/12/07 23:08:00 [notice] 31#31: gracefully shutting down
2024/12/07 23:08:00 [notice] 30#30: exit
2024/12/07 23:08:00 [notice] 31#31: exiting
2024/12/07 23:08:00 [notice] 31#31: exit
2024/12/07 23:08:00 [notice] 1#1: signal 17 (SIGCHLD) received from 30
2024/12/07 23:08:00 [notice] 1#1: worker process 30 exited with code 0
2024/12/07 23:08:00 [notice] 1#1: worker process 31 exited with code 0
2024/12/07 23:08:00 [notice] 1#1: exit
2024/12/07 23:10:39 [notice] 1#1: using the "epoll" event method
2024/12/07 23:10:39 [notice] 1#1: nginx/1.27.3
2024/12/07 23:10:39 [notice] 1#1: built by gcc 13.2.1 20240309 (Alpine 13.2.1_git20240309) 
2024/12/07 23:10:39 [notice] 1#1: OS: Linux 5.15.167.4-microsoft-standard-WSL2
2024/12/07 23:10:39 [notice] 1#1: getrlimit(RLIMIT_NOFILE): 1048576:1048576
2024/12/07 23:10:39 [notice] 1#1: start worker processes
2024/12/07 23:10:39 [notice] 1#1: start worker process 29
2024/12/07 23:10:39 [notice] 1#1: start worker process 30
2024/12/07 23:11:00 [notice] 1#1: signal 3 (SIGQUIT) received, shutting down
2024/12/07 23:11:00 [notice] 29#29: gracefully shutting down
2024/12/07 23:11:00 [notice] 29#29: exiting
2024/12/07 23:11:00 [notice] 30#30: gracefully shutting down
2024/12/07 23:11:00 [notice] 30#30: exiting
2024/12/07 23:11:00 [notice] 29#29: exit
2024/12/07 23:11:00 [notice] 30#30: exit
2024/12/07 23:11:00 [notice] 1#1: signal 17 (SIGCHLD) received from 30
2024/12/07 23:11:00 [notice] 1#1: worker process 29 exited with code 0
2024/12/07 23:11:00 [notice] 1#1: worker process 30 exited with code 0
2024/12/07 23:11:00 [notice] 1#1: exit
2024/12/07 23:11:11 [notice] 1#1: using the "epoll" event method
2024/12/07 23:11:11 [notice] 1#1: nginx/1.27.3
2024/12/07 23:11:11 [notice] 1#1: built by gcc 13.2.1 20240309 (Alpine 13.2.1_git20240309) 
2024/12/07 23:11:11 [notice] 1#1: OS: Linux 5.15.167.4-microsoft-standard-WSL2
2024/12/07 23:11:11 [notice] 1#1: getrlimit(RLIMIT_NOFILE): 1048576:1048576
2024/12/07 23:11:11 [notice] 1#1: start worker processes
2024/12/07 23:11:11 [notice] 1#1: start worker process 29
2024/12/07 23:11:11 [notice] 1#1: start worker process 30
2024/12/07 23:11:23 [notice] 1#1: signal 3 (SIGQUIT) received, shutting down
2024/12/07 23:11:23 [notice] 29#29: gracefully shutting down
2024/12/07 23:11:23 [notice] 29#29: exiting
2024/12/07 23:11:23 [notice] 30#30: gracefully shutting down
2024/12/07 23:11:23 [notice] 30#30: exiting
2024/12/07 23:11:23 [notice] 29#29: exit
2024/12/07 23:11:23 [notice] 30#30: exit
2024/12/07 23:11:23 [notice] 1#1: signal 17 (SIGCHLD) received from 29
2024/12/07 23:11:23 [notice] 1#1: worker process 29 exited with code 0
2024/12/07 23:11:23 [notice] 1#1: worker process 30 exited with code 0
2024/12/07 23:11:23 [notice] 1#1: exit
